This file contains any messages produced by compilers while
running configure, to aid debugging if configure makes a mistake.

It was created by mpitypes configure 0.0.3, which was
generated by GNU Autoconf 2.63.  Invocation command line was

  $ ./configure --prefix=/users/bellir/spclWorkspace/foMPI-NA/mpitypes/install

## --------- ##
## Platform. ##
## --------- ##

hostname = daint102
uname -m = x86_64
uname -r = 3.0.101-0.5-default
uname -s = Linux
uname -v = #1 SMP Thu Oct 31 05:21:34 UTC 2013 (36fae46)

/usr/bin/uname -p = unknown
/bin/uname -X     = unknown

/bin/arch              = x86_64
/usr/bin/arch -k       = unknown
/usr/convex/getsysinfo = unknown
/usr/bin/hostinfo      = unknown
/bin/machine           = unknown
/usr/bin/oslevel       = unknown
/bin/universe          = unknown

PATH: /opt/cray/dmapp/7.0.1-1.0501.7793.12.516.ari/bin
PATH: /opt/cray/atp/1.7.5/bin
PATH: /opt/cray/rca/1.0.0-2.0501.48090.7.46.ari/bin
PATH: /opt/cray/alps/5.1.1-2.0501.8713.1.1.ari/sbin
PATH: /opt/cray/alps/5.1.1-2.0501.8713.1.1.ari/bin
PATH: /opt/cray/dvs/2.4_0.9.0-1.0501.1672.2.122.ari/bin
PATH: /opt/cray/csa/3.0.0-1_2.0501.47112.1.91.ari/sbin
PATH: /opt/cray/csa/3.0.0-1_2.0501.47112.1.91.ari/bin
PATH: /opt/cray/job/1.5.5-0.1_2.0501.48066.2.43.ari/bin
PATH: /opt/cray/xpmem/0.1-2.0501.48424.3.3.ari/bin
PATH: /opt/cray/pmi/5.0.5-1.0000.10300.134.8.ari/bin
PATH: /opt/cray/ugni/5.0-1.0501.8253.10.22.ari/bin
PATH: /opt/cray/udreg/2.3.2-1.0501.7914.1.13.ari/bin
PATH: /opt/toolworks/totalview.8.11.0-0/bin
PATH: /opt/totalview-support/1.1.4/bin
PATH: /opt/cray/mpt/7.0.4/gni/bin
PATH: /opt/gcc/4.8.2/bin
PATH: /opt/cray/craype/2.2.1/bin
PATH: /apps/daint/ddt/4.3rc7/./libexec
PATH: /apps/daint/ddt/4.3rc7/./bin
PATH: /apps/daint/munge/default/bin
PATH: /apps/daint/slurm/default/bin
PATH: /opt/cray/switch/1.0-1.0501.47124.1.93.ari/bin
PATH: /opt/cray/eslogin/eswrap/1.1.0-1.010400.915.0/bin
PATH: /opt/modules/3.2.6.7/bin
PATH: /usr/local/bin
PATH: /usr/bin
PATH: /bin
PATH: /usr/bin/X11
PATH: /usr/X11R6/bin
PATH: /usr/games
PATH: /usr/lib64/jvm/jre/bin
PATH: /usr/lib/mit/bin
PATH: /usr/lib/mit/sbin
PATH: /sbin
PATH: /usr/sbin
PATH: .
PATH: /usr/lib/qt3/bin
PATH: /opt/cray/bin
PATH: /apps/ela/system/bin
PATH: /apps/common/system/bin


## ----------- ##
## Core tests. ##
## ----------- ##

configure:1879: checking for a BSD-compatible install
configure:1947: result: /usr/bin/install -c
configure:1958: checking whether build environment is sane
configure:2001: result: yes
configure:2026: checking for a thread-safe mkdir -p
configure:2065: result: /bin/mkdir -p
configure:2078: checking for gawk
configure:2094: found /usr/bin/gawk
configure:2105: result: gawk
configure:2116: checking whether make sets $(MAKE)
configure:2138: result: yes
configure:2405: checking for gcc
configure:2432: result: cc
configure:2664: checking for C compiler version
configure:2672: cc --version >&5
gcc (GCC) 4.8.2 20131016 (Cray Inc.)
Copyright (C) 2013 Free Software Foundation, Inc.
This is free software; see the source for copying conditions.  There is NO
warranty; not even for MERCHANTABILITY or FITNESS FOR A PARTICULAR PURPOSE.

configure:2676: $? = 0
configure:2683: cc -v >&5
Using built-in specs.
COLLECT_GCC=/opt/gcc/4.8.2/bin/../snos/bin/gcc
COLLECT_LTO_WRAPPER=/opt/gcc/4.8.2/snos/libexec/gcc/x86_64-suse-linux/4.8.2/lto-wrapper
Target: x86_64-suse-linux
Configured with: ../cray-gcc-4.8.2/configure --prefix=/opt/gcc/4.8.2/snos --disable-nls --libdir=/opt/gcc/4.8.2/snos/lib --enable-languages=c,c++,fortran --with-gxx-include-dir=/opt/gcc/4.8.2/snos/include/g++ --with-slibdir=/opt/gcc/4.8.2/snos/lib --with-system-zlib --enable-shared --enable-__cxa_atexit --build=x86_64-suse-linux --with-mpc=/opt/gcc/mpc/0.8.1 --with-mpfr=/opt/gcc/mpfr/2.4.2 --with-gmp=/opt/gcc/gmp/4.3.2
Thread model: posix
gcc version 4.8.2 20131016 (Cray Inc.) (GCC) 
COMPILER_PATH=/opt/gcc/4.8.2/snos/libexec/gcc/x86_64-suse-linux/4.8.2/:/opt/gcc/4.8.2/snos/libexec/gcc/x86_64-suse-linux/4.8.2/:/opt/gcc/4.8.2/snos/libexec/gcc/x86_64-suse-linux/:/opt/gcc/4.8.2/snos/lib/gcc/x86_64-suse-linux/4.8.2/:/opt/gcc/4.8.2/snos/lib/gcc/x86_64-suse-linux/
LIBRARY_PATH=/opt/gcc/4.8.2/snos/lib/gcc/x86_64-suse-linux/4.8.2/:/opt/gcc/4.8.2/snos/lib/gcc/x86_64-suse-linux/4.8.2/../../../../lib64/:/lib/../lib64/:/usr/lib/../lib64/:/opt/gcc/4.8.2/snos/lib/gcc/x86_64-suse-linux/4.8.2/../../../:/lib/:/usr/lib/
COLLECT_GCC_OPTIONS='-march=corei7-avx' '-static' '-D' '__CRAYXC' '-D' '__CRAY_SANDYBRIDGE' '-D' '__CRAYXT_COMPUTE_LINUX_TARGET' '-u' 'pthread_mutex_trylock' '-u' 'pthread_mutex_destroy' '-u' 'pthread_create' '-D' '__TARGET_LINUX__' '-v' '-I' '/opt/cray/libsci/13.0.1/GNU/48/sandybridge/include' '-I' '/opt/cray/mpt/7.0.4/gni/mpich2-gnu/48/include' '-I' '/opt/cray/rca/1.0.0-2.0501.48090.7.46.ari/include' '-I' '/opt/cray/alps/5.1.1-2.0501.8713.1.1.ari/include' '-I' '/opt/cray/xpmem/0.1-2.0501.48424.3.3.ari/include' '-I' '/opt/cray/gni-headers/3.0-1.0501.8317.12.1.ari/include' '-I' '/opt/cray/pmi/5.0.5-1.0000.10300.134.8.ari/include' '-I' '/opt/cray/ugni/5.0-1.0501.8253.10.22.ari/include' '-I' '/opt/cray/udreg/2.3.2-1.0501.7914.1.13.ari/include' '-I' '/opt/cray/wlm_detect/1.0-1.0501.47908.2.2.ari/include' '-I' '/opt/cray-hss-devel/7.1.0/include' '-I' '/opt/cray/krca/1.0.0-2.0501.47640.3.70.ari/include' '-L/opt/cray/libsci/13.0.1/GNU/48/sandybridge/lib' '-L/opt/cray/dmapp/default/lib64' '-L/opt/cray/mpt/7.0.4/gni/mpich2-gnu/48/lib' '-L/opt/cray/rca/1.0.0-2.0501.48090.7.46.ari/lib64' '-L/opt/cray/alps/5.1.1-2.0501.8713.1.1.ari/lib64' '-L/opt/cray/xpmem/0.1-2.0501.48424.3.3.ari/lib64' '-L/opt/cray/pmi/5.0.5-1.0000.10300.134.8.ari/lib64' '-L/opt/cray/ugni/5.0-1.0501.8253.10.22.ari/lib64' '-L/opt/cray/udreg/2.3.2-1.0501.7914.1.13.ari/lib64' '-L/opt/cray/atp/1.7.5/lib' '-L/opt/cray/wlm_detect/1.0-1.0501.47908.2.2.ari/lib64'
 /opt/gcc/4.8.2/snos/libexec/gcc/x86_64-suse-linux/4.8.2/collect2 -m elf_x86_64 -static -u pthread_mutex_trylock -u pthread_mutex_destroy -u pthread_create /usr/lib/../lib64/crt1.o /usr/lib/../lib64/crti.o /opt/gcc/4.8.2/snos/lib/gcc/x86_64-suse-linux/4.8.2/crtbeginT.o -L/opt/cray/libsci/13.0.1/GNU/48/sandybridge/lib -L/opt/cray/dmapp/default/lib64 -L/opt/cray/mpt/7.0.4/gni/mpich2-gnu/48/lib -L/opt/cray/rca/1.0.0-2.0501.48090.7.46.ari/lib64 -L/opt/cray/alps/5.1.1-2.0501.8713.1.1.ari/lib64 -L/opt/cray/xpmem/0.1-2.0501.48424.3.3.ari/lib64 -L/opt/cray/pmi/5.0.5-1.0000.10300.134.8.ari/lib64 -L/opt/cray/ugni/5.0-1.0501.8253.10.22.ari/lib64 -L/opt/cray/udreg/2.3.2-1.0501.7914.1.13.ari/lib64 -L/opt/cray/atp/1.7.5/lib -L/opt/cray/wlm_detect/1.0-1.0501.47908.2.2.ari/lib64 -L/opt/gcc/4.8.2/snos/lib/gcc/x86_64-suse-linux/4.8.2 -L/opt/gcc/4.8.2/snos/lib/gcc/x86_64-suse-linux/4.8.2/../../../../lib64 -L/lib/../lib64 -L/usr/lib/../lib64 -L/opt/gcc/4.8.2/snos/lib/gcc/x86_64-suse-linux/4.8.2/../../.. --undefined=_ATP_Data_Globals --undefined=__atpHandlerInstall -lAtpSigHandler -lAtpSigHCommData -lsci_gnu_48_mpi -lsci_gnu_48 -lmpich_gnu_48 -lrt -lm -lxpmem -ludreg -lmpl -lpmi -lalpslli -lalpsutil -lrca -lwlm_detect -lugni -lpthread --as-needed -lgfortran -lquadmath --no-as-needed --as-needed -lm --no-as-needed --as-needed -lpthread --no-as-needed --start-group -lgcc -lgcc_eh -lc --end-group /opt/gcc/4.8.2/snos/lib/gcc/x86_64-suse-linux/4.8.2/crtend.o /usr/lib/../lib64/crtn.o
/usr/lib/../lib64/crt1.o: In function `_start':
/usr/src/packages/BUILD/glibc-2.11.3/csu/../sysdeps/x86_64/elf/start.S:109: undefined reference to `main'
/usr/bin/ld.x: link errors found, deleting executable `a.out'
collect2: error: ld returned 1 exit status
configure:2687: $? = 1
configure:2694: cc -V >&5
gcc: error: unrecognized command line option '-V'
configure:2698: $? = 1
configure:2721: checking for C compiler default output file name
configure:2743: cc    conftest.c  >&5
configure:2747: $? = 0
configure:2785: result: a.out
configure:2804: checking whether the C compiler works
configure:2814: ./a.out
configure:2818: $? = 0
configure:2837: result: yes
configure:2844: checking whether we are cross compiling
configure:2846: result: no
configure:2849: checking for suffix of executables
configure:2856: cc -o conftest    conftest.c  >&5
configure:2860: $? = 0
configure:2886: result: 
configure:2892: checking for suffix of object files
configure:2918: cc -c   conftest.c >&5
configure:2922: $? = 0
configure:2947: result: o
configure:2951: checking whether we are using the GNU C compiler
configure:2980: cc -c   conftest.c >&5
configure:2987: $? = 0
configure:3004: result: yes
configure:3013: checking whether cc accepts -g
configure:3043: cc -c -g  conftest.c >&5
configure:3050: $? = 0
configure:3151: result: yes
configure:3168: checking for cc option to accept ISO C89
configure:3242: cc  -c -g -O2  conftest.c >&5
configure:3249: $? = 0
configure:3272: result: none needed
configure:3301: checking for style of include used by make
configure:3329: result: GNU
configure:3354: checking dependency style of cc
configure:3445: result: gcc3
configure:3464: checking whether cc understands -c and -o together
configure:3496: cc -c conftest.c -o conftest2.o >&5
configure:3500: $? = 0
configure:3506: cc -c conftest.c -o conftest2.o >&5
configure:3510: $? = 0
configure:3565: result: yes
configure:3635: checking for ranlib
configure:3651: found /usr/bin/ranlib
configure:3662: result: ranlib
configure:3691: checking how to run the C preprocessor
configure:3731: cc -E  conftest.c
configure:3738: $? = 0
configure:3769: cc -E  conftest.c
conftest.c:10:28: fatal error: ac_nonexistent.h: No such file or directory
 #include <ac_nonexistent.h>
                            ^
compilation terminated.
configure:3776: $? = 1
configure: failed program was:
| /* confdefs.h.  */
| #define PACKAGE_NAME "mpitypes"
| #define PACKAGE_TARNAME "mpitypes"
| #define PACKAGE_VERSION "0.0.3"
| #define PACKAGE_STRING "mpitypes 0.0.3"
| #define PACKAGE_BUGREPORT ""
| #define PACKAGE "mpitypes"
| #define VERSION "0.0.3"
| /* end confdefs.h.  */
| #include <ac_nonexistent.h>
configure:3809: result: cc -E
configure:3838: cc -E  conftest.c
configure:3845: $? = 0
configure:3876: cc -E  conftest.c
conftest.c:10:28: fatal error: ac_nonexistent.h: No such file or directory
 #include <ac_nonexistent.h>
                            ^
compilation terminated.
configure:3883: $? = 1
configure: failed program was:
| /* confdefs.h.  */
| #define PACKAGE_NAME "mpitypes"
| #define PACKAGE_TARNAME "mpitypes"
| #define PACKAGE_VERSION "0.0.3"
| #define PACKAGE_STRING "mpitypes 0.0.3"
| #define PACKAGE_BUGREPORT ""
| #define PACKAGE "mpitypes"
| #define VERSION "0.0.3"
| /* end confdefs.h.  */
| #include <ac_nonexistent.h>
configure:3923: checking for grep that handles long lines and -e
configure:3983: result: /usr/bin/grep
configure:3988: checking for egrep
configure:4052: result: /usr/bin/grep -E
configure:4057: checking for ANSI C header files
configure:4087: cc -c -g -O2  conftest.c >&5
configure:4094: $? = 0
configure:4193: cc -o conftest -g -O2   conftest.c  >&5
configure:4197: $? = 0
configure:4203: ./conftest
configure:4207: $? = 0
configure:4225: result: yes
configure:4249: checking for sys/types.h
configure:4270: cc -c -g -O2  conftest.c >&5
configure:4277: $? = 0
configure:4294: result: yes
configure:4249: checking for sys/stat.h
configure:4270: cc -c -g -O2  conftest.c >&5
configure:4277: $? = 0
configure:4294: result: yes
configure:4249: checking for stdlib.h
configure:4270: cc -c -g -O2  conftest.c >&5
configure:4277: $? = 0
configure:4294: result: yes
configure:4249: checking for string.h
configure:4270: cc -c -g -O2  conftest.c >&5
configure:4277: $? = 0
configure:4294: result: yes
configure:4249: checking for memory.h
configure:4270: cc -c -g -O2  conftest.c >&5
configure:4277: $? = 0
configure:4294: result: yes
configure:4249: checking for strings.h
configure:4270: cc -c -g -O2  conftest.c >&5
configure:4277: $? = 0
configure:4294: result: yes
configure:4249: checking for inttypes.h
configure:4270: cc -c -g -O2  conftest.c >&5
configure:4277: $? = 0
configure:4294: result: yes
configure:4249: checking for stdint.h
configure:4270: cc -c -g -O2  conftest.c >&5
configure:4277: $? = 0
configure:4294: result: yes
configure:4249: checking for unistd.h
configure:4270: cc -c -g -O2  conftest.c >&5
configure:4277: $? = 0
configure:4294: result: yes
configure:4318: checking mpi.h usability
configure:4335: cc -c -g -O2  conftest.c >&5
configure:4342: $? = 0
configure:4356: result: yes
configure:4360: checking mpi.h presence
configure:4375: cc -E  conftest.c
configure:4382: $? = 0
configure:4396: result: yes
configure:4424: checking for mpi.h
configure:4431: result: yes
configure:4444: checking for MPI_Init
configure:4500: cc -o conftest -g -O2   conftest.c  >&5
configure:4507: $? = 0
configure:4527: result: yes
configure:4543: checking size of int
configure:4848: cc -o conftest -g -O2   conftest.c  >&5
configure:4852: $? = 0
configure:4858: ./conftest
configure:4862: $? = 0
configure:4888: result: 4
configure:4902: checking size of long int
configure:5207: cc -o conftest -g -O2   conftest.c  >&5
configure:5211: $? = 0
configure:5217: ./conftest
configure:5221: $? = 0
configure:5247: result: 8
configure:5261: checking size of long long int
configure:5566: cc -o conftest -g -O2   conftest.c  >&5
configure:5570: $? = 0
configure:5576: ./conftest
configure:5580: $? = 0
configure:5606: result: 8
configure:5620: checking size of MPI_Aint
configure:5943: cc -o conftest -g -O2   conftest.c  >&5
configure:5947: $? = 0
configure:5953: ./conftest
configure:5957: $? = 0
configure:5983: result: 8
configure:5995: checking for intptr_t
configure:6023: cc -c -g -O2  conftest.c >&5
configure:6030: $? = 0
configure:6057: cc -c -g -O2  conftest.c >&5
conftest.c: In function 'main':
conftest.c:60:23: error: expected expression before ')' token
 if (sizeof ((intptr_t)))
                       ^
configure:6064: $? = 1
configure: failed program was:
| /* confdefs.h.  */
| #define PACKAGE_NAME "mpitypes"
| #define PACKAGE_TARNAME "mpitypes"
| #define PACKAGE_VERSION "0.0.3"
| #define PACKAGE_STRING "mpitypes 0.0.3"
| #define PACKAGE_BUGREPORT ""
| #define PACKAGE "mpitypes"
| #define VERSION "0.0.3"
| #define STDC_HEADERS 1
| #define HAVE_SYS_TYPES_H 1
| #define HAVE_SYS_STAT_H 1
| #define HAVE_STDLIB_H 1
| #define HAVE_STRING_H 1
| #define HAVE_MEMORY_H 1
| #define HAVE_STRINGS_H 1
| #define HAVE_INTTYPES_H 1
| #define HAVE_STDINT_H 1
| #define HAVE_UNISTD_H 1
| #define SIZEOF_INT 4
| #define SIZEOF_LONG_INT 8
| #define SIZEOF_LONG_LONG_INT 8
| #define SIZEOF_MPI_AINT 8
| /* end confdefs.h.  */
| #include <stdio.h>
| #ifdef HAVE_SYS_TYPES_H
| # include <sys/types.h>
| #endif
| #ifdef HAVE_SYS_STAT_H
| # include <sys/stat.h>
| #endif
| #ifdef STDC_HEADERS
| # include <stdlib.h>
| # include <stddef.h>
| #else
| # ifdef HAVE_STDLIB_H
| #  include <stdlib.h>
| # endif
| #endif
| #ifdef HAVE_STRING_H
| # if !defined STDC_HEADERS && defined HAVE_MEMORY_H
| #  include <memory.h>
| # endif
| # include <string.h>
| #endif
| #ifdef HAVE_STRINGS_H
| # include <strings.h>
| #endif
| #ifdef HAVE_INTTYPES_H
| # include <inttypes.h>
| #endif
| #ifdef HAVE_STDINT_H
| # include <stdint.h>
| #endif
| #ifdef HAVE_UNISTD_H
| # include <unistd.h>
| #endif
| int
| main ()
| {
| if (sizeof ((intptr_t)))
| 	  return 0;
|   ;
|   return 0;
| }
configure:6087: result: yes
configure:6152: checking for uintptr_t
configure:6180: cc -c -g -O2  conftest.c >&5
configure:6187: $? = 0
configure:6214: cc -c -g -O2  conftest.c >&5
conftest.c: In function 'main':
conftest.c:61:24: error: expected expression before ')' token
 if (sizeof ((uintptr_t)))
                        ^
configure:6221: $? = 1
configure: failed program was:
| /* confdefs.h.  */
| #define PACKAGE_NAME "mpitypes"
| #define PACKAGE_TARNAME "mpitypes"
| #define PACKAGE_VERSION "0.0.3"
| #define PACKAGE_STRING "mpitypes 0.0.3"
| #define PACKAGE_BUGREPORT ""
| #define PACKAGE "mpitypes"
| #define VERSION "0.0.3"
| #define STDC_HEADERS 1
| #define HAVE_SYS_TYPES_H 1
| #define HAVE_SYS_STAT_H 1
| #define HAVE_STDLIB_H 1
| #define HAVE_STRING_H 1
| #define HAVE_MEMORY_H 1
| #define HAVE_STRINGS_H 1
| #define HAVE_INTTYPES_H 1
| #define HAVE_STDINT_H 1
| #define HAVE_UNISTD_H 1
| #define SIZEOF_INT 4
| #define SIZEOF_LONG_INT 8
| #define SIZEOF_LONG_LONG_INT 8
| #define SIZEOF_MPI_AINT 8
| #define HAVE_INTPTR_T 1
| /* end confdefs.h.  */
| #include <stdio.h>
| #ifdef HAVE_SYS_TYPES_H
| # include <sys/types.h>
| #endif
| #ifdef HAVE_SYS_STAT_H
| # include <sys/stat.h>
| #endif
| #ifdef STDC_HEADERS
| # include <stdlib.h>
| # include <stddef.h>
| #else
| # ifdef HAVE_STDLIB_H
| #  include <stdlib.h>
| # endif
| #endif
| #ifdef HAVE_STRING_H
| # if !defined STDC_HEADERS && defined HAVE_MEMORY_H
| #  include <memory.h>
| # endif
| # include <string.h>
| #endif
| #ifdef HAVE_STRINGS_H
| # include <strings.h>
| #endif
| #ifdef HAVE_INTTYPES_H
| # include <inttypes.h>
| #endif
| #ifdef HAVE_STDINT_H
| # include <stdint.h>
| #endif
| #ifdef HAVE_UNISTD_H
| # include <unistd.h>
| #endif
| int
| main ()
| {
| if (sizeof ((uintptr_t)))
| 	  return 0;
|   ;
|   return 0;
| }
configure:6244: result: yes
configure:6338: checking for MPI_Type_get_envelope
configure:6394: cc -o conftest -g -O2   conftest.c  >&5
configure:6401: $? = 0
configure:6421: result: yes
configure:6431: checking for MPI_Type_get_contents
configure:6487: cc -o conftest -g -O2   conftest.c  >&5
configure:6494: $? = 0
configure:6514: result: yes
configure:6524: checking for MPI_Type_get_true_extent
configure:6580: cc -o conftest -g -O2   conftest.c  >&5
configure:6587: $? = 0
configure:6607: result: yes
configure:6617: checking for MPI_Type_get_attr
configure:6673: cc -o conftest -g -O2   conftest.c  >&5
configure:6680: $? = 0
configure:6700: result: yes
configure:6710: checking for MPI_Type_set_attr
configure:6766: cc -o conftest -g -O2   conftest.c  >&5
configure:6773: $? = 0
configure:6793: result: yes
configure:6803: checking for MPI_Comm_create_keyval
configure:6859: cc -o conftest -g -O2   conftest.c  >&5
configure:6866: $? = 0
configure:6886: result: yes
configure:6899: checking for MPICH2 internal contents access function
configure:6930: cc -c -g -O2  conftest.c >&5
configure:6937: $? = 0
configure:6942: result: yes
configure:6963: checking for string.h
configure:6968: result: yes
configure:7095: checking whether __attribute__ allowed
configure:7122: cc -c -g -O2  conftest.c >&5
configure:7129: $? = 0
configure:7144: result: yes
configure:7146: checking whether __attribute__((format)) allowed
configure:7173: cc -c -g -O2  conftest.c >&5
configure:7180: $? = 0
configure:7195: result: yes
configure:7327: creating ./config.status

## ---------------------- ##
## Running config.status. ##
## ---------------------- ##

This file was extended by mpitypes config.status 0.0.3, which was
generated by GNU Autoconf 2.63.  Invocation command line was

  CONFIG_FILES    = 
  CONFIG_HEADERS  = 
  CONFIG_LINKS    = 
  CONFIG_COMMANDS = 
  $ ./config.status 

on daint102

config.status:784: creating Makefile
config.status:784: creating mpitypes.pc
config.status:784: creating mpitypes-config.h
config.status:1006: mpitypes-config.h is unchanged
config.status:1058: executing depfiles commands

## ---------------- ##
## Cache variables. ##
## ---------------- ##

ac_cv_c_compiler_gnu=yes
ac_cv_env_CC_set=
ac_cv_env_CC_value=
ac_cv_env_CFLAGS_set=
ac_cv_env_CFLAGS_value=
ac_cv_env_CPPFLAGS_set=
ac_cv_env_CPPFLAGS_value=
ac_cv_env_CPP_set=
ac_cv_env_CPP_value=
ac_cv_env_LDFLAGS_set=
ac_cv_env_LDFLAGS_value=
ac_cv_env_LIBS_set=
ac_cv_env_LIBS_value=
ac_cv_env_build_alias_set=
ac_cv_env_build_alias_value=
ac_cv_env_host_alias_set=
ac_cv_env_host_alias_value=
ac_cv_env_target_alias_set=
ac_cv_env_target_alias_value=
ac_cv_func_MPI_Comm_create_keyval=yes
ac_cv_func_MPI_Init=yes
ac_cv_func_MPI_Type_get_attr=yes
ac_cv_func_MPI_Type_get_contents=yes
ac_cv_func_MPI_Type_get_envelope=yes
ac_cv_func_MPI_Type_get_true_extent=yes
ac_cv_func_MPI_Type_set_attr=yes
ac_cv_header_inttypes_h=yes
ac_cv_header_memory_h=yes
ac_cv_header_mpi_h=yes
ac_cv_header_stdc=yes
ac_cv_header_stdint_h=yes
ac_cv_header_stdlib_h=yes
ac_cv_header_string_h=yes
ac_cv_header_strings_h=yes
ac_cv_header_sys_stat_h=yes
ac_cv_header_sys_types_h=yes
ac_cv_header_unistd_h=yes
ac_cv_objext=o
ac_cv_path_EGREP='/usr/bin/grep -E'
ac_cv_path_GREP=/usr/bin/grep
ac_cv_path_install='/usr/bin/install -c'
ac_cv_path_mkdir=/bin/mkdir
ac_cv_prog_AWK=gawk
ac_cv_prog_CPP='cc -E'
ac_cv_prog_ac_ct_CC=cc
ac_cv_prog_ac_ct_RANLIB=ranlib
ac_cv_prog_cc_c89=
ac_cv_prog_cc_cc_c_o=yes
ac_cv_prog_cc_g=yes
ac_cv_prog_make_make_set=yes
ac_cv_sizeof_MPI_Aint=8
ac_cv_sizeof_int=4
ac_cv_sizeof_long_int=8
ac_cv_sizeof_long_long_int=8
ac_cv_type_intptr_t=yes
ac_cv_type_uintptr_t=yes
am_cv_CC_dependencies_compiler_type=gcc3
pac_cv_gnu_attr_format=yes
pac_cv_gnu_attr_pure=yes

## ----------------- ##
## Output variables. ##
## ----------------- ##

ACLOCAL='${SHELL} /users/bellir/spclWorkspace/foMPI-NA/mpitypes/missing --run aclocal-1.10'
AMDEPBACKSLASH='\'
AMDEP_FALSE='#'
AMDEP_TRUE=''
AMTAR='${SHELL} /users/bellir/spclWorkspace/foMPI-NA/mpitypes/missing --run tar'
AUTOCONF='${SHELL} /users/bellir/spclWorkspace/foMPI-NA/mpitypes/missing --run autoconf'
AUTOHEADER='${SHELL} /users/bellir/spclWorkspace/foMPI-NA/mpitypes/missing --run autoheader'
AUTOMAKE='${SHELL} /users/bellir/spclWorkspace/foMPI-NA/mpitypes/missing --run automake-1.10'
AWK='gawk'
BUILD_CC='cc'
CC='cc'
CCDEPMODE='depmode=gcc3'
CFLAGS='-g -O2'
CPP='cc -E'
CPPFLAGS=''
CYGPATH_W='echo'
DEFS='-DHAVE_CONFIG_H'
DEPDIR='.deps'
ECHO_C=''
ECHO_N='-n'
ECHO_T=''
EGREP='/usr/bin/grep -E'
EXEEXT=''
GREP='/usr/bin/grep'
INSTALL_DATA='${INSTALL} -m 644'
INSTALL_PROGRAM='${INSTALL}'
INSTALL_SCRIPT='${INSTALL}'
INSTALL_STRIP_PROGRAM='$(install_sh) -c -s'
LDFLAGS=''
LIBOBJS=''
LIBS=''
LTLIBOBJS=''
MAKEINFO='${SHELL} /users/bellir/spclWorkspace/foMPI-NA/mpitypes/missing --run makeinfo'
MKDIR_P='/bin/mkdir -p'
MPITYPES_RELEASE='1'
MPITYPES_VERSION='0.0.3'
OBJEXT='o'
PACKAGE='mpitypes'
PACKAGE_BUGREPORT=''
PACKAGE_NAME='mpitypes'
PACKAGE_STRING='mpitypes 0.0.3'
PACKAGE_TARNAME='mpitypes'
PACKAGE_VERSION='0.0.3'
PATH_SEPARATOR=':'
RANLIB='ranlib'
SET_MAKE=''
SHELL='/bin/sh'
STRIP=''
VERSION='0.0.3'
ac_ct_CC='cc'
am__fastdepCC_FALSE='#'
am__fastdepCC_TRUE=''
am__include='include'
am__isrc=''
am__leading_dot='.'
am__quote=''
am__tar='${AMTAR} chof - "$$tardir"'
am__untar='${AMTAR} xf -'
bindir='${exec_prefix}/bin'
build_alias=''
datadir='${datarootdir}'
datarootdir='${prefix}/share'
docdir='${datarootdir}/doc/${PACKAGE_TARNAME}'
dvidir='${docdir}'
exec_prefix='${prefix}'
host_alias=''
htmldir='${docdir}'
includedir='${prefix}/include'
infodir='${datarootdir}/info'
install_sh='$(SHELL) /users/bellir/spclWorkspace/foMPI-NA/mpitypes/install-sh'
libdir='${exec_prefix}/lib'
libexecdir='${exec_prefix}/libexec'
localedir='${datarootdir}/locale'
localstatedir='${prefix}/var'
mandir='${datarootdir}/man'
mkdir_p='/bin/mkdir -p'
oldincludedir='/usr/include'
pdfdir='${docdir}'
prefix='/users/bellir/spclWorkspace/foMPI-NA/mpitypes/install'
program_transform_name='s,x,x,'
psdir='${docdir}'
sbindir='${exec_prefix}/sbin'
sharedstatedir='${prefix}/com'
sysconfdir='${prefix}/etc'
target_alias=''

## ----------- ##
## confdefs.h. ##
## ----------- ##

#define PACKAGE_NAME "mpitypes"
#define PACKAGE_TARNAME "mpitypes"
#define PACKAGE_VERSION "0.0.3"
#define PACKAGE_STRING "mpitypes 0.0.3"
#define PACKAGE_BUGREPORT ""
#define PACKAGE "mpitypes"
#define VERSION "0.0.3"
#define STDC_HEADERS 1
#define HAVE_SYS_TYPES_H 1
#define HAVE_SYS_STAT_H 1
#define HAVE_STDLIB_H 1
#define HAVE_STRING_H 1
#define HAVE_MEMORY_H 1
#define HAVE_STRINGS_H 1
#define HAVE_INTTYPES_H 1
#define HAVE_STDINT_H 1
#define HAVE_UNISTD_H 1
#define SIZEOF_INT 4
#define SIZEOF_LONG_INT 8
#define SIZEOF_LONG_LONG_INT 8
#define SIZEOF_MPI_AINT 8
#define HAVE_INTPTR_T 1
#define HAVE_UINTPTR_T 1
#define DLOOP_OFFSET_FMT_DEC_SPEC "%ld"
#define DLOOP_OFFSET_FMT_HEX_SPEC "%lx"
#define HAVE_MPID_TYPE_ACCESS_CONTENTS 1
#define HAVE_GCC_ATTRIBUTE 1

configure: exit 0
